have_library: checking for -lstdc++... -------------------- yes

"gcc -o conftest -I/usr/include/ruby-2.4.0/x86_64-linux-musl -I/usr/include/ruby-2.4.0/ruby/backward -I/usr/include/ruby-2.4.0 -I. -Os -fomit-frame-pointer -fno-omit-frame-pointer -fno-strict-aliasing   -Os -fomit-frame-pointer -fno-omit-frame-pointer -fno-strict-aliasing -fPIC conftest.c  -L. -L/usr/lib -L. -Wl,--as-needed -fstack-protector -rdynamic -Wl,-export-dynamic     -lruby  -lpthread -lgmp -ldl -lcrypt -lm   -lc"
checked program was:
/* begin */
1: #include "ruby.h"
2: 
3: int main(int argc, char **argv)
4: {
5:   return 0;
6: }
/* end */

"gcc -o conftest -I/usr/include/ruby-2.4.0/x86_64-linux-musl -I/usr/include/ruby-2.4.0/ruby/backward -I/usr/include/ruby-2.4.0 -I. -Os -fomit-frame-pointer -fno-omit-frame-pointer -fno-strict-aliasing   -Os -fomit-frame-pointer -fno-omit-frame-pointer -fno-strict-aliasing -fPIC conftest.c  -L. -L/usr/lib -L. -Wl,--as-needed -fstack-protector -rdynamic -Wl,-export-dynamic     -lruby -lstdc++  -lpthread -lgmp -ldl -lcrypt -lm   -lc"
checked program was:
/* begin */
 1: #include "ruby.h"
 2: 
 3: /*top*/
 4: extern int t(void);
 5: int main(int argc, char **argv)
 6: {
 7:   if (argc > 1000000) {
 8:     printf("%p", &t);
 9:   }
10: 
11:   return 0;
12: }
13: 
14: int t(void) { ; return 0; }
/* end */

--------------------

